<?xml version="1.0" encoding="utf-8"?><testsuites name="pytest tests"><testsuite name="pytest" errors="0" failures="0" skipped="1" tests="13" time="7.149" timestamp="2026-09-14T17:13:23.372635+00:00" hostname="agent-env-23340192-7dc7-4357-9e0b-2f682f60f976"><testcase classname="tests.test_auth_roles" name="test_admin_login_bearer_and_me" time="0.790" /><testcase classname="tests.test_auth_roles" name="test_cliente_login_bearer_and_me" time="0.600" /><testcase classname="tests.test_auth_roles" name="test_me_requires_auth" time="0.175" /><testcase classname="tests.test_auth_roles" name="test_register_creates_cliente" time="0.734" /><testcase classname="tests.test_auth_roles" name="test_cliente_creates_srv" time="0.864" /><testcase classname="tests.test_auth_roles" name="test_cliente_lists_only_own_requests" time="1.292" /><testcase classname="tests.test_auth_roles" name="test_admin_sees_all_requests" time="0.336" /><testcase classname="tests.test_auth_roles" name="test_cliente_cannot_patch_status" time="0.431" /><testcase classname="tests.test_auth_roles" name="test_admin_updates_status_flow" time="0.806" /><testcase classname="tests.test_auth_roles" name="test_cliente_cannot_view_other_request" time="0.232"><skipped type="pytest.skip" message="No other-user requests available">/app/backend/tests/test_auth_roles.py:163: No other-user requests available</skipped></testcase><testcase classname="tests.test_auth_roles" name="test_cliente_cannot_create_asset" time="0.206" /><testcase classname="tests.test_auth_roles" name="test_unauth_endpoints_require_login" time="0.388" /><testcase classname="tests.test_auth_roles" name="test_invalid_service_type" time="0.219" /></testsuite></testsuites>