<?xml version="1.0" encoding="utf-8"?><testsuites name="pytest tests"><testsuite name="pytest" errors="0" failures="0" skipped="0" tests="17" time="7.157" timestamp="2026-09-11T13:10:57.880661+00:00" hostname="agent-env-23340192-7dc7-4357-9e0b-2f682f60f976"><testcase classname="tests.backend_test" name="test_login_bad_credentials" time="0.532" /><testcase classname="tests.backend_test" name="test_login_sets_cookie_and_me" time="0.490" /><testcase classname="tests.backend_test" name="test_me_without_auth" time="0.190" /><testcase classname="tests.backend_test" name="test_dashboard" time="0.102" /><testcase classname="tests.backend_test" name="test_list_assets" time="0.083" /><testcase classname="tests.backend_test" name="test_asset_search_and_filter" time="0.189" /><testcase classname="tests.backend_test" name="test_create_asset_and_duplicate" time="0.326" /><testcase classname="tests.backend_test" name="test_qr_generation" time="0.170" /><testcase classname="tests.backend_test" name="test_public_asset_and_report_flow" time="1.261" /><testcase classname="tests.backend_test" name="test_public_asset_not_found" time="0.177" /><testcase classname="tests.backend_test" name="test_user_cannot_create_asset" time="0.482" /><testcase classname="tests.backend_test" name="test_user_cannot_update_request_status" time="0.172" /><testcase classname="tests.backend_test" name="test_user_cannot_list_users" time="0.083" /><testcase classname="tests.backend_test" name="test_user_can_list_assets_and_requests" time="0.184" /><testcase classname="tests.backend_test" name="test_assets_require_auth" time="0.662" /><testcase classname="tests.backend_test" name="test_user_crud" time="0.832" /><testcase classname="tests.backend_test" name="test_logout" time="0.660" /></testsuite></testsuites>