<?xml version="1.0" encoding="utf-8"?><testsuites name="pytest tests"><testsuite name="pytest" errors="0" failures="0" skipped="0" tests="15" time="2.409" timestamp="2026-05-06T21:49:05.896542+00:00" hostname="agent-env-994937ac-1901-45e4-a61b-7fe777c3591c"><testcase classname="backend.tests.test_gantt_api" name="test_root" time="0.246" /><testcase classname="backend.tests.test_gantt_api" name="test_list_projects" time="0.123" /><testcase classname="backend.tests.test_gantt_api" name="test_get_project" time="0.064" /><testcase classname="backend.tests.test_gantt_api" name="test_create_activity_invalid_duration" time="0.072" /><testcase classname="backend.tests.test_gantt_api" name="test_create_activity_invalid_project" time="0.060" /><testcase classname="backend.tests.test_gantt_api" name="test_list_activities_filter" time="0.263" /><testcase classname="backend.tests.test_gantt_api" name="test_update_activity" time="0.118" /><testcase classname="backend.tests.test_gantt_api" name="test_gantt_original_dates" time="0.060" /><testcase classname="backend.tests.test_gantt_api" name="test_create_incident_invalid_activity" time="0.094" /><testcase classname="backend.tests.test_gantt_api" name="test_create_incident_negative_delay" time="0.062" /><testcase classname="backend.tests.test_gantt_api" name="test_list_incidents_filters" time="0.171" /><testcase classname="backend.tests.test_gantt_api" name="test_gantt_modified_with_incident" time="0.059" /><testcase classname="backend.tests.test_gantt_api" name="test_delete_incident" time="0.175" /><testcase classname="backend.tests.test_gantt_api" name="test_delete_activity_cleans_predecessors" time="0.283" /><testcase classname="backend.tests.test_gantt_api" name="test_delete_project_cascades" time="0.479" /></testsuite></testsuites>